<?xml version="1.0" encoding="UTF-8"?>
<!-- Generated by org.testng.reporters.JUnitReportReporter -->
<testsuite hostname="M-C02WN271HTD6" name="tests.TC001_CreateLead" tests="2" failures="0" timestamp="23 Mar 2019 09:24:09 GMT" time="93.192" errors="0">
  <testcase name="loginAsAdmin" time="41.147" classname="tests.TC001_CreateLead"/>
  <testcase name="loginAsAdmin" time="52.045" classname="tests.TC001_CreateLead"/>
</testsuite> <!-- tests.TC001_CreateLead -->
