<?xml version="1.0" encoding="UTF-8"?>
<!-- Generated by org.testng.reporters.JUnitReportReporter -->
<testsuite hostname="M-C02WN271HTD6" name="tests.ValidLogin" tests="1" failures="0" timestamp="1 Apr 2019 08:05:08 GMT" time="17.047" errors="0">
  <testcase name="inValid" time="17.047" classname="tests.ValidLogin"/>
</testsuite> <!-- tests.ValidLogin -->
