<?xml version="1.0" encoding="UTF-8"?>
<!-- Generated by org.testng.reporters.JUnitReportReporter -->
<testsuite hostname="M-C02WN271HTD6" name="tests.Login" tests="4" failures="0" timestamp="1 Apr 2019 08:00:29 GMT" time="54.506" errors="0">
  <testcase name="inValid" time="12.434" classname="tests.Login"/>
  <testcase name="inValid" time="12.951" classname="tests.Login"/>
  <testcase name="inValid" time="15.509" classname="tests.Login"/>
  <testcase name="inValid" time="13.612" classname="tests.Login"/>
</testsuite> <!-- tests.Login -->
